2025-11-22 10:19:00 | DEBUG | repo=PCAT | action=commit
2025-08-27 08:21:00 | INFO | repo=PCAT | action=commit
2025-02-20 10:43:00 | WARN | repo=PCAT | action=commit
2025-09-15 11:09:00 | WARN | repo=PCAT | action=pull
2025-04-07 18:59:00 | INFO | repo=PCAT | action=pull
2025-07-04 09:54:00 | WARN | repo=PCAT | action=commit
2025-05-05 10:32:00 | DEBUG | repo=PCAT | action=commit
2025-08-05 08:02:00 | INFO | repo=PCAT | action=commit
2025-03-05 21:52:00 | DEBUG | repo=PCAT | action=commit
2025-07-23 19:31:00 | DEBUG | repo=PCAT | action=commit
2025-04-02 15:38:00 | WARN | repo=PCAT | action=commit
2025-11-01 14:05:00 | DEBUG | repo=PCAT | action=commit
2025-09-27 07:44:00 | INFO | repo=PCAT | action=commit
2025-07-22 13:06:00 | INFO | repo=PCAT | action=commit
2025-08-14 08:09:00 | WARN | repo=PCAT | action=commit
2025-10-21 16:25:00 | INFO | repo=PCAT | action=commit
2025-08-22 12:17:00 | INFO | repo=PCAT | action=commit
2025-06-20 20:31:00 | WARN | repo=PCAT | action=commit
2025-07-06 11:39:00 | WARN | repo=PCAT | action=commit
2025-05-02 10:40:00 | INFO | repo=PCAT | action=commit
2025-08-04 08:44:00 | INFO | repo=PCAT | action=commit
2025-01-14 19:14:00 | INFO | repo=PCAT | action=test | passed=true
2025-06-20 08:01:00 | DEBUG | repo=PCAT | action=commit
2025-02-03 21:20:00 | WARN | repo=PCAT | action=commit
2025-12-11 11:01:00 | DEBUG | repo=PCAT | action=commit
2025-01-02 14:20:00 | INFO | repo=PCAT | action=pull
2025-10-14 16:58:00 | DEBUG | repo=PCAT | action=edit | files=4
2025-03-04 08:13:00 | WARN | repo=PCAT | action=commit
2025-03-17 21:08:00 | INFO | repo=PCAT | action=commit
2025-06-22 11:56:00 | INFO | repo=PCAT | action=commit
2025-04-25 14:31:00 | WARN | repo=PCAT | action=test | passed=true
2025-11-04 18:51:00 | WARN | repo=PCAT | action=edit | files=3
2025-01-04 21:35:00 | INFO | repo=PCAT | action=commit
2025-04-11 12:14:00 | WARN | repo=PCAT | action=test | passed=true
2025-01-18 15:16:00 | WARN | repo=PCAT | action=test | passed=true
2025-01-20 11:11:00 | WARN | repo=PCAT | action=commit
2025-11-15 21:23:00 | WARN | repo=PCAT | action=commit
2025-05-24 15:56:00 | DEBUG | repo=PCAT | action=pull
2025-01-01 14:50:00 | WARN | repo=PCAT | action=commit
2025-11-08 20:08:00 | DEBUG | repo=PCAT | action=commit
2025-01-17 15:32:00 | DEBUG | repo=PCAT | action=test | passed=true
2025-11-07 09:06:00 | WARN | repo=PCAT | action=commit
2025-09-03 21:31:00 | WARN | repo=PCAT | action=commit
2025-11-02 21:57:00 | INFO | repo=PCAT | action=commit
2025-08-26 09:23:00 | DEBUG | repo=PCAT | action=commit
2025-11-17 09:21:00 | INFO | repo=PCAT | action=commit
2025-04-10 11:50:00 | INFO | repo=PCAT | action=commit
2025-07-17 15:55:00 | WARN | repo=PCAT | action=test | passed=true
2025-12-02 07:02:00 | DEBUG | repo=PCAT | action=commit
2025-06-23 19:24:00 | INFO | repo=PCAT | action=pull
2025-02-18 14:38:00 | INFO | repo=PCAT | action=commit
2025-02-03 18:21:00 | INFO | repo=PCAT | action=edit | files=3
2025-07-26 14:04:00 | INFO | repo=PCAT | action=commit
2025-01-17 19:42:00 | DEBUG | repo=PCAT | action=edit | files=4
2025-06-08 11:33:00 | WARN | repo=PCAT | action=commit
2025-12-20 12:47:00 | WARN | repo=PCAT | action=commit
2025-01-19 21:31:00 | WARN | repo=PCAT | action=pull
2025-12-11 13:38:00 | DEBUG | repo=PCAT | action=commit
2025-11-26 15:21:00 | DEBUG | repo=PCAT | action=commit
2025-01-07 11:41:00 | DEBUG | repo=PCAT | action=commit
2025-01-26 08:39:00 | WARN | repo=PCAT | action=commit
2025-12-25 10:18:00 | WARN | repo=PCAT | action=commit
2025-04-28 16:15:00 | INFO | repo=PCAT | action=test | passed=true
2025-03-24 13:32:00 | WARN | repo=PCAT | action=commit
2025-02-12 18:19:00 | DEBUG | repo=PCAT | action=pull
2025-06-06 08:13:00 | DEBUG | repo=PCAT | action=commit
2025-09-21 19:16:00 | INFO | repo=PCAT | action=pull
2025-10-24 15:48:00 | INFO | repo=PCAT | action=test | passed=true
2025-12-20 11:56:00 | INFO | repo=PCAT | action=commit
2025-06-06 18:10:00 | INFO | repo=PCAT | action=pull
2025-08-15 12:20:00 | WARN | repo=PCAT | action=commit
2025-04-05 07:10:00 | WARN | repo=PCAT | action=commit
2025-01-15 09:35:00 | WARN | repo=PCAT | action=commit
2025-04-08 11:40:00 | DEBUG | repo=PCAT | action=commit
2025-05-07 20:52:00 | WARN | repo=PCAT | action=commit
2025-11-10 16:26:00 | WARN | repo=PCAT | action=commit
2025-07-18 17:59:00 | INFO | repo=PCAT | action=pull
2025-02-24 13:12:00 | DEBUG | repo=PCAT | action=commit
2025-06-11 10:34:00 | DEBUG | repo=PCAT | action=commit
2025-03-22 21:55:00 | WARN | repo=PCAT | action=commit
2025-04-23 10:36:00 | INFO | repo=PCAT | action=edit | files=3
2025-12-14 19:57:00 | DEBUG | repo=PCAT | action=commit
2025-07-08 14:45:00 | DEBUG | repo=PCAT | action=edit | files=1
2025-05-21 18:38:00 | INFO | repo=PCAT | action=pull
2025-10-06 21:51:00 | WARN | repo=PCAT | action=commit
2025-05-17 19:27:00 | INFO | repo=PCAT | action=commit
2025-11-24 08:14:00 | WARN | repo=PCAT | action=test | passed=true
2025-05-02 12:20:00 | INFO | repo=PCAT | action=commit
2025-11-15 21:41:00 | INFO | repo=PCAT | action=pull
2025-12-28 21:39:00 | DEBUG | repo=PCAT | action=pull
2025-03-15 20:42:00 | DEBUG | repo=PCAT | action=commit
2025-05-05 21:44:00 | WARN | repo=PCAT | action=commit
2025-03-08 09:54:00 | INFO | repo=PCAT | action=commit
2025-06-26 09:53:00 | DEBUG | repo=PCAT | action=commit
2025-09-04 11:06:00 | WARN | repo=PCAT | action=edit | files=5
2025-07-07 15:28:00 | WARN | repo=PCAT | action=commit
2025-07-20 19:25:00 | INFO | repo=PCAT | action=commit
2025-12-21 20:46:00 | DEBUG | repo=PCAT | action=edit | files=2
2025-08-27 13:50:00 | DEBUG | repo=PCAT | action=commit
2025-06-12 17:06:00 | DEBUG | repo=PCAT | action=commit
2025-09-13 21:29:00 | WARN | repo=PCAT | action=commit
2025-02-11 19:55:00 | DEBUG | repo=PCAT | action=commit
2025-03-22 20:56:00 | WARN | repo=PCAT | action=pull
2026-01-23 20:24:00 | DEBUG | repo=PCAT | action=edit | files=3
2026-02-20 19:47:00 | DEBUG | repo=PCAT | action=edit | files=2
2026-12-19 11:43:00 | INFO | repo=PCAT | action=commit
2026-05-10 21:16:00 | INFO | repo=PCAT | action=commit
2026-11-23 16:31:00 | INFO | repo=PCAT | action=commit
2026-02-03 18:54:00 | WARN | repo=PCAT | action=edit | files=3
2026-06-23 07:21:00 | DEBUG | repo=PCAT | action=commit
2026-10-19 15:42:00 | DEBUG | repo=PCAT | action=commit
2026-02-12 20:20:00 | DEBUG | repo=PCAT | action=test | passed=true
2026-10-15 16:00:00 | DEBUG | repo=PCAT | action=commit
2026-03-09 13:46:00 | INFO | repo=PCAT | action=commit
2026-02-23 13:16:00 | INFO | repo=PCAT | action=commit
2026-07-17 21:25:00 | INFO | repo=PCAT | action=commit
2026-08-01 07:08:00 | DEBUG | repo=PCAT | action=commit
2026-11-08 18:07:00 | INFO | repo=PCAT | action=commit
2026-04-10 21:22:00 | WARN | repo=PCAT | action=commit
2026-08-06 17:01:00 | WARN | repo=PCAT | action=commit
2026-11-18 11:16:00 | DEBUG | repo=PCAT | action=edit | files=3
2026-01-19 08:10:00 | DEBUG | repo=PCAT | action=pull
2026-11-03 20:36:00 | INFO | repo=PCAT | action=commit
2025-12-09 19:31:00 | WARN | repo=PCAT | action=commit
2025-03-08 08:22:00 | DEBUG | repo=PCAT | action=pull
2025-07-21 21:32:00 | DEBUG | repo=PCAT | action=pull
2025-07-24 07:05:00 | INFO | repo=PCAT | action=commit
2025-03-05 16:03:00 | WARN | repo=PCAT | action=commit
2025-06-19 12:24:00 | INFO | repo=PCAT | action=commit
2025-04-01 20:14:00 | INFO | repo=PCAT | action=commit
2025-04-15 21:47:00 | WARN | repo=PCAT | action=commit
2025-07-12 15:09:00 | DEBUG | repo=PCAT | action=pull
2025-05-09 19:31:00 | INFO | repo=PCAT | action=commit
2025-08-09 09:46:00 | DEBUG | repo=PCAT | action=commit
2025-07-13 14:44:00 | WARN | repo=PCAT | action=commit
2025-04-14 17:18:00 | INFO | repo=PCAT | action=test | passed=true
2025-06-24 12:27:00 | INFO | repo=PCAT | action=commit
2025-12-01 20:21:00 | DEBUG | repo=PCAT | action=test | passed=true
2025-05-13 18:41:00 | DEBUG | repo=PCAT | action=commit
2025-10-19 19:25:00 | WARN | repo=PCAT | action=commit
2025-04-16 08:46:00 | DEBUG | repo=PCAT | action=commit
2025-08-10 21:30:00 | WARN | repo=PCAT | action=commit
2025-04-07 09:02:00 | WARN | repo=PCAT | action=edit | files=5
2025-06-26 11:40:00 | WARN | repo=PCAT | action=edit | files=2
2025-04-26 18:11:00 | WARN | repo=PCAT | action=test | passed=true
2025-05-26 18:44:00 | DEBUG | repo=PCAT | action=commit
2025-11-18 14:56:00 | INFO | repo=PCAT | action=commit
2025-02-11 08:10:00 | DEBUG | repo=PCAT | action=commit
2025-03-25 16:48:00 | WARN | repo=PCAT | action=commit
2025-08-25 19:52:00 | DEBUG | repo=PCAT | action=commit
2025-03-01 19:44:00 | DEBUG | repo=PCAT | action=edit | files=4
2025-07-12 12:29:00 | INFO | repo=PCAT | action=commit
2025-02-05 10:00:00 | WARN | repo=PCAT | action=pull
2025-04-01 08:25:00 | WARN | repo=PCAT | action=edit | files=4
2025-01-09 11:14:00 | DEBUG | repo=PCAT | action=commit
2025-05-15 21:03:00 | DEBUG | repo=PCAT | action=edit | files=1
2025-09-07 13:43:00 | WARN | repo=PCAT | action=pull
2025-07-14 20:32:00 | WARN | repo=PCAT | action=test | passed=true
2025-11-07 12:29:00 | INFO | repo=PCAT | action=commit
2025-10-16 14:05:00 | WARN | repo=PCAT | action=commit
2025-03-27 19:59:00 | DEBUG | repo=PCAT | action=commit
2025-03-01 17:27:00 | INFO | repo=PCAT | action=commit
2025-06-05 08:39:00 | INFO | repo=PCAT | action=test | passed=true
2025-12-11 07:20:00 | DEBUG | repo=PCAT | action=commit
2025-05-05 20:55:00 | INFO | repo=PCAT | action=edit | files=4
2025-09-20 12:03:00 | WARN | repo=PCAT | action=test | passed=true
2025-07-22 13:59:00 | INFO | repo=PCAT | action=test | passed=true
2025-05-12 17:56:00 | DEBUG | repo=PCAT | action=pull
2025-10-23 10:24:00 | INFO | repo=PCAT | action=pull
2025-09-09 21:13:00 | WARN | repo=PCAT | action=commit
2025-01-25 08:54:00 | WARN | repo=PCAT | action=commit
2025-05-21 09:43:00 | INFO | repo=PCAT | action=commit
2025-07-23 14:13:00 | WARN | repo=PCAT | action=commit
2025-11-27 20:49:00 | INFO | repo=PCAT | action=commit
2025-11-07 20:11:00 | DEBUG | repo=PCAT | action=test | passed=true
2025-03-16 13:51:00 | INFO | repo=PCAT | action=commit
2025-07-16 21:39:00 | INFO | repo=PCAT | action=commit
2025-04-22 09:10:00 | INFO | repo=PCAT | action=commit
2025-03-22 19:59:00 | DEBUG | repo=PCAT | action=commit
2025-12-01 07:09:00 | WARN | repo=PCAT | action=commit
2025-09-08 19:49:00 | DEBUG | repo=PCAT | action=pull
2025-12-16 21:32:00 | WARN | repo=PCAT | action=commit
2025-03-11 09:04:00 | WARN | repo=PCAT | action=commit
2024-12-20 15:16:00 | DEBUG | repo=PCAT | action=test | passed=true
2024-11-22 14:12:00 | INFO | repo=PCAT | action=pull
2025-04-11 17:24:00 | INFO | repo=PCAT | action=commit
2024-12-16 10:38:00 | WARN | repo=PCAT | action=commit
2025-06-11 19:07:00 | INFO | repo=PCAT | action=commit
2025-07-22 20:22:00 | DEBUG | repo=PCAT | action=commit
2024-01-25 09:15:00 | WARN | repo=PCAT | action=commit
2025-09-03 21:43:00 | INFO | repo=PCAT | action=edit | files=1
2025-03-28 14:18:00 | DEBUG | repo=PCAT | action=commit
2025-07-08 07:43:00 | WARN | repo=PCAT | action=commit
2024-12-09 13:29:00 | INFO | repo=PCAT | action=commit
2024-06-21 18:47:00 | DEBUG | repo=PCAT | action=commit
2025-09-13 08:21:00 | INFO | repo=PCAT | action=edit | files=1
2024-01-07 08:43:00 | WARN | repo=PCAT | action=commit
2025-05-22 07:58:00 | DEBUG | repo=PCAT | action=edit | files=1
2024-09-12 15:00:00 | INFO | repo=PCAT | action=test | passed=true
2024-05-13 08:51:00 | WARN | repo=PCAT | action=commit
2025-08-14 08:05:00 | DEBUG | repo=PCAT | action=commit
2024-07-06 08:34:00 | WARN | repo=PCAT | action=commit
2025-07-05 07:29:00 | WARN | repo=PCAT | action=commit
2025-08-02 15:58:00 | INFO | repo=PCAT | action=commit
2024-09-14 07:14:00 | INFO | repo=PCAT | action=commit
2025-08-19 17:05:00 | DEBUG | repo=PCAT | action=commit
2024-06-10 13:23:00 | WARN | repo=PCAT | action=commit
2025-05-20 07:58:00 | WARN | repo=PCAT | action=commit
2025-11-11 09:00:00 | DEBUG | repo=PCAT | action=commit
2024-05-16 09:54:00 | WARN | repo=PCAT | action=commit
2024-11-07 17:58:00 | INFO | repo=PCAT | action=commit
2025-08-23 20:20:00 | WARN | repo=PCAT | action=pull
2024-03-13 21:04:00 | WARN | repo=PCAT | action=commit
2025-07-24 08:33:00 | DEBUG | repo=PCAT | action=commit
2025-04-21 21:42:00 | WARN | repo=PCAT | action=commit
2025-11-24 19:52:00 | DEBUG | repo=PCAT | action=commit
2024-05-14 12:34:00 | DEBUG | repo=PCAT | action=edit | files=1
2025-09-14 09:24:00 | INFO | repo=PCAT | action=commit
2024-09-17 08:23:00 | INFO | repo=PCAT | action=commit
2024-11-01 08:34:00 | WARN | repo=PCAT | action=commit
2025-06-02 07:14:00 | WARN | repo=PCAT | action=edit | files=1
2024-02-28 16:15:00 | WARN | repo=PCAT | action=test | passed=true
2025-02-12 16:15:00 | WARN | repo=PCAT | action=test | passed=true
2025-07-06 20:39:00 | WARN | repo=PCAT | action=commit
2025-09-03 12:27:00 | WARN | repo=PCAT | action=commit
2025-10-15 16:34:00 | INFO | repo=PCAT | action=commit
2024-03-24 08:40:00 | WARN | repo=PCAT | action=commit
2025-01-08 15:58:00 | INFO | repo=PCAT | action=edit | files=3
2025-09-09 18:44:00 | DEBUG | repo=PCAT | action=commit
2024-06-21 08:04:00 | DEBUG | repo=PCAT | action=edit | files=4
2024-01-25 08:00:00 | DEBUG | repo=PCAT | action=commit
2025-04-16 10:55:00 | DEBUG | repo=PCAT | action=edit | files=3
2025-05-18 21:58:00 | WARN | repo=PCAT | action=commit
2025-12-04 07:10:00 | DEBUG | repo=PCAT | action=commit
2024-03-16 19:55:00 | INFO | repo=PCAT | action=edit | files=5
2024-03-22 16:08:00 | INFO | repo=PCAT | action=edit | files=3
2024-05-20 07:24:00 | WARN | repo=PCAT | action=pull
2025-05-16 09:55:00 | DEBUG | repo=PCAT | action=pull
2025-05-21 09:07:00 | DEBUG | repo=PCAT | action=commit
2025-10-05 20:09:00 | DEBUG | repo=PCAT | action=commit
2025-08-08 08:44:00 | INFO | repo=PCAT | action=commit
2025-09-15 07:56:00 | WARN | repo=PCAT | action=pull
2025-06-05 07:26:00 | DEBUG | repo=PCAT | action=test | passed=true
2025-12-27 07:49:00 | DEBUG | repo=PCAT | action=commit
2025-04-19 21:44:00 | INFO | repo=PCAT | action=edit | files=5
2025-06-12 14:23:00 | WARN | repo=PCAT | action=commit
2025-08-12 08:13:00 | DEBUG | repo=PCAT | action=test | passed=true
2025-03-16 21:33:00 | INFO | repo=PCAT | action=edit | files=3
2025-02-19 18:49:00 | WARN | repo=PCAT | action=commit
2025-04-19 18:38:00 | WARN | repo=PCAT | action=commit
2025-04-24 10:33:00 | DEBUG | repo=PCAT | action=commit
2025-01-06 10:09:00 | INFO | repo=PCAT | action=pull
2025-12-17 10:46:00 | DEBUG | repo=PCAT | action=test | passed=true
2025-01-20 09:01:00 | WARN | repo=PCAT | action=pull
2025-01-22 08:22:00 | INFO | repo=PCAT | action=edit | files=3
2025-01-17 10:07:00 | INFO | repo=PCAT | action=commit
2025-06-27 15:28:00 | WARN | repo=PCAT | action=pull
2025-08-17 18:00:00 | WARN | repo=PCAT | action=pull
2025-01-12 09:06:00 | INFO | repo=PCAT | action=commit
